<?xml version="1.0" encoding="UTF-8"?>
<!-- Generated by org.testng.reporters.JUnitReportReporter -->
<testsuite skipped="0" hostname="hp" name="com.qa.test.loginTest" tests="3" failures="0" timestamp="2021-03-18T03:37:24 IST" time="0.142" errors="0">
  <testcase name="verifyWhetherTextIsAvailaible" time="0.059" classname="com.qa.test.loginTest"/>
  <system-out/>
  <testcase name="verifyTitle" time="0.012" classname="com.qa.test.loginTest"/>
  <system-out/>
  <testcase name="verifyLoginButtonIsPresent" time="0.071" classname="com.qa.test.loginTest"/>
  <system-out/>
</testsuite> <!-- com.qa.test.loginTest -->
